{"/Users/amulyakashyap/Downloads/scli/lib/errors.js": {"path":"/Users/amulyakashyap/Downloads/scli/lib/errors.js","statementMap":{"0":{"start":{"line":7,"column":0},"end":{"line":36,"column":2}}},"fnMap":{},"branchMap":{},"s":{"0":3},"f":{},"b":{},"_coverageSchema":"1a1c01bbd47fc00a2c39e90264f33305004495a9","hash":"bc07068112eb11f03b98c91cae024cd29ab28da3"}
,"/Users/amulyakashyap/Downloads/scli/lib/functions.js": {"path":"/Users/amulyakashyap/Downloads/scli/lib/functions.js","statementMap":{"0":{"start":{"line":1,"column":15},"end":{"line":1,"column":32}},"1":{"start":{"line":2,"column":14},"end":{"line":2,"column":30}},"2":{"start":{"line":3,"column":16},"end":{"line":3,"column":42}},"3":{"start":{"line":4,"column":17},"end":{"line":4,"column":35}},"4":{"start":{"line":5,"column":15},"end":{"line":5,"column":34}},"5":{"start":{"line":11,"column":20},"end":{"line":39,"column":1}},"6":{"start":{"line":45,"column":21},"end":{"line":45,"column":284}},"7":{"start":{"line":45,"column":27},"end":{"line":45,"column":284}},"8":{"start":{"line":51,"column":19},"end":{"line":51,"column":51}},"9":{"start":{"line":51,"column":25},"end":{"line":51,"column":51}},"10":{"start":{"line":58,"column":17},"end":{"line":74,"column":1}},"11":{"start":{"line":59,"column":11},"end":{"line":59,"column":13}},"12":{"start":{"line":60,"column":1},"end":{"line":72,"column":2}},"13":{"start":{"line":62,"column":3},"end":{"line":62,"column":28}},"14":{"start":{"line":63,"column":3},"end":{"line":63,"column":9}},"15":{"start":{"line":65,"column":3},"end":{"line":65,"column":32}},"16":{"start":{"line":66,"column":3},"end":{"line":66,"column":9}},"17":{"start":{"line":68,"column":3},"end":{"line":68,"column":28}},"18":{"start":{"line":69,"column":3},"end":{"line":69,"column":9}},"19":{"start":{"line":71,"column":3},"end":{"line":71,"column":28}},"20":{"start":{"line":73,"column":1},"end":{"line":73,"column":12}},"21":{"start":{"line":81,"column":16},"end":{"line":81,"column":135}},"22":{"start":{"line":81,"column":30},"end":{"line":81,"column":134}},"23":{"start":{"line":87,"column":23},"end":{"line":103,"column":1}},"24":{"start":{"line":88,"column":21},"end":{"line":88,"column":39}},"25":{"start":{"line":89,"column":18},"end":{"line":89,"column":35}},"26":{"start":{"line":90,"column":13},"end":{"line":90,"column":28}},"27":{"start":{"line":91,"column":27},"end":{"line":91,"column":41}},"28":{"start":{"line":92,"column":20},"end":{"line":92,"column":32}},"29":{"start":{"line":94,"column":1},"end":{"line":94,"column":87}},"30":{"start":{"line":95,"column":1},"end":{"line":95,"column":64}},"31":{"start":{"line":96,"column":1},"end":{"line":96,"column":38}},"32":{"start":{"line":97,"column":1},"end":{"line":97,"column":53}},"33":{"start":{"line":98,"column":1},"end":{"line":98,"column":40}},"34":{"start":{"line":99,"column":1},"end":{"line":101,"column":4}},"35":{"start":{"line":100,"column":2},"end":{"line":100,"column":103}},"36":{"start":{"line":102,"column":1},"end":{"line":102,"column":70}},"37":{"start":{"line":111,"column":20},"end":{"line":113,"column":1}},"38":{"start":{"line":112,"column":1},"end":{"line":112,"column":26}},"39":{"start":{"line":121,"column":22},"end":{"line":172,"column":1}},"40":{"start":{"line":122,"column":1},"end":{"line":171,"column":2}},"41":{"start":{"line":123,"column":2},"end":{"line":123,"column":65}},"42":{"start":{"line":123,"column":23},"end":{"line":123,"column":65}},"43":{"start":{"line":124,"column":2},"end":{"line":124,"column":65}},"44":{"start":{"line":124,"column":14},"end":{"line":124,"column":65}},"45":{"start":{"line":126,"column":25},"end":{"line":126,"column":59}},"46":{"start":{"line":127,"column":2},"end":{"line":127,"column":75}},"47":{"start":{"line":127,"column":23},"end":{"line":127,"column":75}},"48":{"start":{"line":129,"column":13},"end":{"line":129,"column":32}},"49":{"start":{"line":130,"column":23},"end":{"line":130,"column":40}},"50":{"start":{"line":131,"column":2},"end":{"line":131,"column":68}},"51":{"start":{"line":131,"column":21},"end":{"line":131,"column":68}},"52":{"start":{"line":133,"column":16},"end":{"line":133,"column":18}},"53":{"start":{"line":135,"column":2},"end":{"line":159,"column":3}},"54":{"start":{"line":137,"column":4},"end":{"line":137,"column":42}},"55":{"start":{"line":138,"column":4},"end":{"line":138,"column":10}},"56":{"start":{"line":140,"column":4},"end":{"line":140,"column":103}},"57":{"start":{"line":140,"column":53},"end":{"line":140,"column":103}},"58":{"start":{"line":141,"column":4},"end":{"line":141,"column":55}},"59":{"start":{"line":142,"column":4},"end":{"line":142,"column":10}},"60":{"start":{"line":144,"column":4},"end":{"line":144,"column":103}},"61":{"start":{"line":144,"column":53},"end":{"line":144,"column":103}},"62":{"start":{"line":145,"column":4},"end":{"line":145,"column":103}},"63":{"start":{"line":146,"column":4},"end":{"line":146,"column":10}},"64":{"start":{"line":148,"column":4},"end":{"line":148,"column":81}},"65":{"start":{"line":149,"column":4},"end":{"line":149,"column":10}},"66":{"start":{"line":151,"column":4},"end":{"line":151,"column":60}},"67":{"start":{"line":152,"column":4},"end":{"line":152,"column":10}},"68":{"start":{"line":154,"column":4},"end":{"line":154,"column":103}},"69":{"start":{"line":154,"column":53},"end":{"line":154,"column":103}},"70":{"start":{"line":155,"column":4},"end":{"line":155,"column":31}},"71":{"start":{"line":156,"column":4},"end":{"line":156,"column":10}},"72":{"start":{"line":158,"column":4},"end":{"line":158,"column":56}},"73":{"start":{"line":160,"column":2},"end":{"line":164,"column":4}},"74":{"start":{"line":166,"column":2},"end":{"line":170,"column":4}},"75":{"start":{"line":174,"column":0},"end":{"line":182,"column":2}}},"fnMap":{"0":{"name":"(anonymous_0)","decl":{"start":{"line":45,"column":21},"end":{"line":45,"column":22}},"loc":{"start":{"line":45,"column":27},"end":{"line":45,"column":284}},"line":45},"1":{"name":"(anonymous_1)","decl":{"start":{"line":51,"column":19},"end":{"line":51,"column":20}},"loc":{"start":{"line":51,"column":25},"end":{"line":51,"column":51}},"line":51},"2":{"name":"(anonymous_2)","decl":{"start":{"line":58,"column":17},"end":{"line":58,"column":18}},"loc":{"start":{"line":58,"column":27},"end":{"line":74,"column":1}},"line":58},"3":{"name":"(anonymous_3)","decl":{"start":{"line":81,"column":16},"end":{"line":81,"column":17}},"loc":{"start":{"line":81,"column":30},"end":{"line":81,"column":134}},"line":81},"4":{"name":"(anonymous_4)","decl":{"start":{"line":87,"column":23},"end":{"line":87,"column":24}},"loc":{"start":{"line":87,"column":29},"end":{"line":103,"column":1}},"line":87},"5":{"name":"(anonymous_5)","decl":{"start":{"line":99,"column":34},"end":{"line":99,"column":35}},"loc":{"start":{"line":99,"column":43},"end":{"line":101,"column":2}},"line":99},"6":{"name":"(anonymous_6)","decl":{"start":{"line":111,"column":20},"end":{"line":111,"column":21}},"loc":{"start":{"line":111,"column":36},"end":{"line":113,"column":1}},"line":111},"7":{"name":"(anonymous_7)","decl":{"start":{"line":121,"column":22},"end":{"line":121,"column":23}},"loc":{"start":{"line":121,"column":45},"end":{"line":172,"column":1}},"line":121}},"branchMap":{"0":{"loc":{"start":{"line":51,"column":25},"end":{"line":51,"column":51}},"type":"binary-expr","locations":[{"start":{"line":51,"column":25},"end":{"line":51,"column":40}},{"start":{"line":51,"column":44},"end":{"line":51,"column":51}}],"line":51},"1":{"loc":{"start":{"line":60,"column":1},"end":{"line":72,"column":2}},"type":"switch","locations":[{"start":{"line":61,"column":2},"end":{"line":63,"column":9}},{"start":{"line":64,"column":2},"end":{"line":66,"column":9}},{"start":{"line":67,"column":2},"end":{"line":69,"column":9}},{"start":{"line":70,"column":2},"end":{"line":71,"column":28}}],"line":60},"2":{"loc":{"start":{"line":81,"column":30},"end":{"line":81,"column":134}},"type":"cond-expr","locations":[{"start":{"line":81,"column":53},"end":{"line":81,"column":94}},{"start":{"line":81,"column":97},"end":{"line":81,"column":134}}],"line":81},"3":{"loc":{"start":{"line":123,"column":2},"end":{"line":123,"column":65}},"type":"if","locations":[{"start":{"line":123,"column":2},"end":{"line":123,"column":65}},{"start":{},"end":{}}],"line":123},"4":{"loc":{"start":{"line":124,"column":2},"end":{"line":124,"column":65}},"type":"if","locations":[{"start":{"line":124,"column":2},"end":{"line":124,"column":65}},{"start":{},"end":{}}],"line":124},"5":{"loc":{"start":{"line":127,"column":2},"end":{"line":127,"column":75}},"type":"if","locations":[{"start":{"line":127,"column":2},"end":{"line":127,"column":75}},{"start":{},"end":{}}],"line":127},"6":{"loc":{"start":{"line":131,"column":2},"end":{"line":131,"column":68}},"type":"if","locations":[{"start":{"line":131,"column":2},"end":{"line":131,"column":68}},{"start":{},"end":{}}],"line":131},"7":{"loc":{"start":{"line":135,"column":2},"end":{"line":159,"column":3}},"type":"switch","locations":[{"start":{"line":136,"column":3},"end":{"line":138,"column":10}},{"start":{"line":139,"column":3},"end":{"line":142,"column":10}},{"start":{"line":143,"column":3},"end":{"line":146,"column":10}},{"start":{"line":147,"column":3},"end":{"line":149,"column":10}},{"start":{"line":150,"column":3},"end":{"line":152,"column":10}},{"start":{"line":153,"column":3},"end":{"line":156,"column":10}},{"start":{"line":157,"column":3},"end":{"line":158,"column":56}}],"line":135},"8":{"loc":{"start":{"line":140,"column":4},"end":{"line":140,"column":103}},"type":"if","locations":[{"start":{"line":140,"column":4},"end":{"line":140,"column":103}},{"start":{},"end":{}}],"line":140},"9":{"loc":{"start":{"line":144,"column":4},"end":{"line":144,"column":103}},"type":"if","locations":[{"start":{"line":144,"column":4},"end":{"line":144,"column":103}},{"start":{},"end":{}}],"line":144},"10":{"loc":{"start":{"line":154,"column":4},"end":{"line":154,"column":103}},"type":"if","locations":[{"start":{"line":154,"column":4},"end":{"line":154,"column":103}},{"start":{},"end":{}}],"line":154}},"s":{"0":1,"1":1,"2":1,"3":1,"4":1,"5":1,"6":1,"7":3,"8":1,"9":3,"10":1,"11":7,"12":7,"13":2,"14":2,"15":2,"16":2,"17":2,"18":2,"19":1,"20":7,"21":1,"22":2,"23":1,"24":1,"25":1,"26":1,"27":1,"28":1,"29":1,"30":1,"31":1,"32":1,"33":1,"34":1,"35":6,"36":1,"37":1,"38":8,"39":1,"40":13,"41":13,"42":1,"43":12,"44":1,"45":11,"46":11,"47":1,"48":10,"49":10,"50":10,"51":1,"52":9,"53":9,"54":1,"55":1,"56":2,"57":1,"58":1,"59":1,"60":2,"61":1,"62":1,"63":1,"64":1,"65":1,"66":1,"67":1,"68":2,"69":1,"70":1,"71":1,"72":0,"73":6,"74":0,"75":1},"f":{"0":3,"1":3,"2":7,"3":2,"4":1,"5":6,"6":8,"7":13},"b":{"0":[3,0],"1":[2,2,2,1],"2":[2,0],"3":[1,12],"4":[1,11],"5":[1,10],"6":[1,9],"7":[1,2,2,1,1,2,0],"8":[1,1],"9":[1,1],"10":[1,1]},"_coverageSchema":"1a1c01bbd47fc00a2c39e90264f33305004495a9","hash":"45d2c241d51f1e9fffb7d29a6d4820874a7ebc1c"}
,"/Users/amulyakashyap/Downloads/scli/lib/slack.js": {"path":"/Users/amulyakashyap/Downloads/scli/lib/slack.js","statementMap":{"0":{"start":{"line":1,"column":22},"end":{"line":1,"column":47}},"1":{"start":{"line":2,"column":15},"end":{"line":2,"column":34}},"2":{"start":{"line":8,"column":0},"end":{"line":81,"column":2}},"3":{"start":{"line":15,"column":2},"end":{"line":15,"column":50}},"4":{"start":{"line":15,"column":14},"end":{"line":15,"column":50}},"5":{"start":{"line":16,"column":2},"end":{"line":16,"column":21}},"6":{"start":{"line":17,"column":2},"end":{"line":17,"column":44}},"7":{"start":{"line":18,"column":2},"end":{"line":18,"column":18}},"8":{"start":{"line":28,"column":2},"end":{"line":37,"column":3}},"9":{"start":{"line":29,"column":22},"end":{"line":29,"column":72}},"10":{"start":{"line":30,"column":3},"end":{"line":33,"column":4}},"11":{"start":{"line":31,"column":4},"end":{"line":31,"column":41}},"12":{"start":{"line":32,"column":4},"end":{"line":32,"column":16}},"13":{"start":{"line":34,"column":3},"end":{"line":34,"column":16}},"14":{"start":{"line":36,"column":3},"end":{"line":36,"column":16}},"15":{"start":{"line":48,"column":2},"end":{"line":48,"column":65}},"16":{"start":{"line":48,"column":30},"end":{"line":48,"column":65}},"17":{"start":{"line":49,"column":2},"end":{"line":52,"column":5}},"18":{"start":{"line":53,"column":2},"end":{"line":53,"column":38}},"19":{"start":{"line":62,"column":24},"end":{"line":62,"column":59}},"20":{"start":{"line":63,"column":19},"end":{"line":63,"column":83}},"21":{"start":{"line":63,"column":54},"end":{"line":63,"column":82}},"22":{"start":{"line":64,"column":2},"end":{"line":64,"column":55}},"23":{"start":{"line":65,"column":2},"end":{"line":65,"column":60}},"24":{"start":{"line":66,"column":2},"end":{"line":66,"column":27}},"25":{"start":{"line":76,"column":2},"end":{"line":76,"column":58}},"26":{"start":{"line":76,"column":18},"end":{"line":76,"column":58}},"27":{"start":{"line":77,"column":18},"end":{"line":77,"column":78}},"28":{"start":{"line":78,"column":19},"end":{"line":78,"column":114}},"29":{"start":{"line":78,"column":49},"end":{"line":78,"column":107}},"30":{"start":{"line":79,"column":2},"end":{"line":79,"column":29}}},"fnMap":{"0":{"name":"(anonymous_0)","decl":{"start":{"line":14,"column":1},"end":{"line":14,"column":2}},"loc":{"start":{"line":14,"column":20},"end":{"line":19,"column":2}},"line":14},"1":{"name":"(anonymous_1)","decl":{"start":{"line":27,"column":1},"end":{"line":27,"column":2}},"loc":{"start":{"line":27,"column":32},"end":{"line":38,"column":2}},"line":27},"2":{"name":"(anonymous_2)","decl":{"start":{"line":47,"column":1},"end":{"line":47,"column":2}},"loc":{"start":{"line":47,"column":39},"end":{"line":54,"column":2}},"line":47},"3":{"name":"(anonymous_3)","decl":{"start":{"line":61,"column":1},"end":{"line":61,"column":2}},"loc":{"start":{"line":61,"column":24},"end":{"line":67,"column":2}},"line":61},"4":{"name":"(anonymous_4)","decl":{"start":{"line":63,"column":46},"end":{"line":63,"column":47}},"loc":{"start":{"line":63,"column":54},"end":{"line":63,"column":82}},"line":63},"5":{"name":"(anonymous_5)","decl":{"start":{"line":75,"column":1},"end":{"line":75,"column":2}},"loc":{"start":{"line":75,"column":41},"end":{"line":80,"column":2}},"line":75},"6":{"name":"(anonymous_6)","decl":{"start":{"line":78,"column":40},"end":{"line":78,"column":41}},"loc":{"start":{"line":78,"column":49},"end":{"line":78,"column":107}},"line":78}},"branchMap":{"0":{"loc":{"start":{"line":15,"column":2},"end":{"line":15,"column":50}},"type":"if","locations":[{"start":{"line":15,"column":2},"end":{"line":15,"column":50}},{"start":{},"end":{}}],"line":15},"1":{"loc":{"start":{"line":27,"column":12},"end":{"line":27,"column":30}},"type":"default-arg","locations":[{"start":{"line":27,"column":20},"end":{"line":27,"column":30}}],"line":27},"2":{"loc":{"start":{"line":30,"column":3},"end":{"line":33,"column":4}},"type":"if","locations":[{"start":{"line":30,"column":3},"end":{"line":33,"column":4}},{"start":{},"end":{}}],"line":30},"3":{"loc":{"start":{"line":48,"column":2},"end":{"line":48,"column":65}},"type":"if","locations":[{"start":{"line":48,"column":2},"end":{"line":48,"column":65}},{"start":{},"end":{}}],"line":48},"4":{"loc":{"start":{"line":48,"column":6},"end":{"line":48,"column":28}},"type":"binary-expr","locations":[{"start":{"line":48,"column":6},"end":{"line":48,"column":16}},{"start":{"line":48,"column":20},"end":{"line":48,"column":28}}],"line":48},"5":{"loc":{"start":{"line":76,"column":2},"end":{"line":76,"column":58}},"type":"if","locations":[{"start":{"line":76,"column":2},"end":{"line":76,"column":58}},{"start":{},"end":{}}],"line":76},"6":{"loc":{"start":{"line":78,"column":19},"end":{"line":78,"column":114}},"type":"binary-expr","locations":[{"start":{"line":78,"column":19},"end":{"line":78,"column":108}},{"start":{"line":78,"column":112},"end":{"line":78,"column":114}}],"line":78},"7":{"loc":{"start":{"line":78,"column":60},"end":{"line":78,"column":91}},"type":"binary-expr","locations":[{"start":{"line":78,"column":60},"end":{"line":78,"column":70}},{"start":{"line":78,"column":74},"end":{"line":78,"column":91}}],"line":78}},"s":{"0":2,"1":2,"2":2,"3":11,"4":0,"5":11,"6":11,"7":11,"8":14,"9":14,"10":13,"11":13,"12":13,"13":0,"14":1,"15":2,"16":0,"17":2,"18":2,"19":2,"20":2,"21":6,"22":2,"23":2,"24":2,"25":2,"26":0,"27":2,"28":2,"29":109,"30":2},"f":{"0":11,"1":14,"2":2,"3":2,"4":6,"5":2,"6":109},"b":{"0":[0,11],"1":[10],"2":[13,0],"3":[0,2],"4":[2,2],"5":[0,2],"6":[2,0],"7":[109,14]},"_coverageSchema":"1a1c01bbd47fc00a2c39e90264f33305004495a9","hash":"e10a9a30541c90d323484c80b53854fd3bbe8d8b"}
}
