TN:
SF:lib/errors.js
FNF:0
FNH:0
DA:7,3
LF:1
LH:1
BRF:0
BRH:0
end_of_record
TN:
SF:lib/functions.js
FN:45,(anonymous_0)
FN:51,(anonymous_1)
FN:58,(anonymous_2)
FN:81,(anonymous_3)
FN:87,(anonymous_4)
FN:99,(anonymous_5)
FN:111,(anonymous_6)
FN:121,(anonymous_7)
FNF:8
FNH:8
FNDA:3,(anonymous_0)
FNDA:3,(anonymous_1)
FNDA:7,(anonymous_2)
FNDA:2,(anonymous_3)
FNDA:1,(anonymous_4)
FNDA:6,(anonymous_5)
FNDA:8,(anonymous_6)
FNDA:13,(anonymous_7)
DA:1,1
DA:2,1
DA:3,1
DA:4,1
DA:5,1
DA:11,1
DA:45,3
DA:51,3
DA:58,1
DA:59,7
DA:60,7
DA:62,2
DA:63,2
DA:65,2
DA:66,2
DA:68,2
DA:69,2
DA:71,1
DA:73,7
DA:81,2
DA:87,1
DA:88,1
DA:89,1
DA:90,1
DA:91,1
DA:92,1
DA:94,1
DA:95,1
DA:96,1
DA:97,1
DA:98,1
DA:99,1
DA:100,6
DA:102,1
DA:111,1
DA:112,8
DA:121,1
DA:122,13
DA:123,13
DA:124,12
DA:126,11
DA:127,11
DA:129,10
DA:130,10
DA:131,10
DA:133,9
DA:135,9
DA:137,1
DA:138,1
DA:140,2
DA:141,1
DA:142,1
DA:144,2
DA:145,1
DA:146,1
DA:148,1
DA:149,1
DA:151,1
DA:152,1
DA:154,2
DA:155,1
DA:156,1
DA:158,0
DA:160,6
DA:166,0
DA:174,1
LF:66
LH:64
BRDA:51,0,0,3
BRDA:51,0,1,0
BRDA:60,1,0,2
BRDA:60,1,1,2
BRDA:60,1,2,2
BRDA:60,1,3,1
BRDA:81,2,0,2
BRDA:81,2,1,0
BRDA:123,3,0,1
BRDA:123,3,1,12
BRDA:124,4,0,1
BRDA:124,4,1,11
BRDA:127,5,0,1
BRDA:127,5,1,10
BRDA:131,6,0,1
BRDA:131,6,1,9
BRDA:135,7,0,1
BRDA:135,7,1,2
BRDA:135,7,2,2
BRDA:135,7,3,1
BRDA:135,7,4,1
BRDA:135,7,5,2
BRDA:135,7,6,0
BRDA:140,8,0,1
BRDA:140,8,1,1
BRDA:144,9,0,1
BRDA:144,9,1,1
BRDA:154,10,0,1
BRDA:154,10,1,1
BRF:29
BRH:26
end_of_record
TN:
SF:lib/slack.js
FN:9,(anonymous_0)
FN:22,(anonymous_1)
FN:42,(anonymous_2)
FN:56,(anonymous_3)
FN:58,(anonymous_4)
FN:70,(anonymous_5)
FN:73,(anonymous_6)
FNF:7
FNH:7
FNDA:11,(anonymous_0)
FNDA:14,(anonymous_1)
FNDA:2,(anonymous_2)
FNDA:2,(anonymous_3)
FNDA:6,(anonymous_4)
FNDA:2,(anonymous_5)
FNDA:71,(anonymous_6)
DA:1,2
DA:2,2
DA:8,2
DA:10,11
DA:11,11
DA:12,11
DA:13,11
DA:23,14
DA:24,14
DA:25,13
DA:26,13
DA:27,13
DA:29,0
DA:31,1
DA:43,2
DA:44,2
DA:48,2
DA:57,2
DA:58,6
DA:59,2
DA:60,2
DA:61,2
DA:71,2
DA:72,2
DA:73,71
DA:74,2
LF:26
LH:25
BRDA:10,0,0,0
BRDA:10,0,1,11
BRDA:22,1,0,10
BRDA:25,2,0,13
BRDA:25,2,1,0
BRDA:43,3,0,0
BRDA:43,3,1,2
BRDA:43,4,0,2
BRDA:43,4,1,2
BRDA:71,5,0,0
BRDA:71,5,1,2
BRDA:73,6,0,2
BRDA:73,6,1,0
BRDA:73,7,0,71
BRDA:73,7,1,8
BRF:15
BRH:10
end_of_record
